[Sat Mar 30 18:20:31.351487 2019] [mpm_winnt:notice] [pid 10904:tid 676] AH00455: Apache/2.4.35 (Win64) OpenSSL/1.1.0i PHP/7.2.11 configured -- resuming normal operations
[Sat Mar 30 18:20:31.351487 2019] [mpm_winnt:notice] [pid 10904:tid 676] AH00456: Apache Lounge VC15 Server built: Sep 19 2018 16:08:47
[Sat Mar 30 18:20:31.351487 2019] [core:notice] [pid 10904:tid 676] AH00094: Command line: 'C:\\laragon\\bin\\apache\\httpd-2.4.35-win64-VC15\\bin\\httpd -d C:/laragon/bin/apache/httpd-2.4.35-win64-VC15'
[Sat Mar 30 18:20:31.351487 2019] [mpm_winnt:notice] [pid 10904:tid 676] AH00418: Parent: Created child process 4180
Apache server interrupted...
019] [mpm_winnt:notice] [pid 4180:tid 660] AH00354: Child: Starting 64 worker threads.
[Sat Mar 30 18:21:33.606942 2019] [mpm_winnt:notice] [pid 10904:tid 676] AH00422: Parent: Received shutdown signal -- Shutting down the server.
Apache server interrupted...
[Fri Apr 12 18:06:48.259229 2019] [core:warn] [pid 11432:tid 620] AH00098: pid file C:/laragon/bin/apache/httpd-2.4.35-win64-VC15/logs/httpd.pid overwritten -- Unclean shutdown of previous Apache run?
[Fri Apr 12 18:07:00.727505 2019] [mpm_winnt:notice] [pid 11432:tid 620] AH00455: Apache/2.4.35 (Win64) OpenSSL/1.1.0i PHP/7.2.11 configured -- resuming normal operations
[Fri Apr 12 18:07:00.727505 2019] [mpm_winnt:notice] [pid 11432:tid 620] AH00456: Apache Lounge VC15 Server built: Sep 19 2018 16:08:47
[Fri Apr 12 18:07:00.727505 2019] [core:notice] [pid 11432:tid 620] AH00094: Command line: 'C:\\laragon\\bin\\apache\\httpd-2.4.35-win64-VC15\\bin\\httpd -d C:/laragon/bin/apache/httpd-2.4.35-win64-VC15'
[Fri Apr 12 18:07:00.730504 2019] [mpm_winnt:notice] [pid 11432:tid 620] AH00418: Parent: Created child process 17212
Apache server interrupted...
019] [mpm_winnt:notice] [pid 17212:tid 692] AH00354: Child: Starting 64 worker threads.
[Fri Apr 12 18:25:11.597977 2019] [mpm_winnt:notice] [pid 11432:tid 620] AH00422: Parent: Received shutdown signal -- Shutting down the server.
[Fri Apr 12 18:25:13.599463 2019] [mpm_winnt:notice] [pid 17212:tid 692] AH00364: Child: All worker threads have exited.
[Wed May 08 12:11:30.186193 2019] [core:warn] [pid 7636:tid 572] AH00098: pid file C:/laragon/bin/apache/httpd-2.4.35-win64-VC15/logs/httpd.pid overwritten -- Unclean shutdown of previous Apache run?
[Wed May 08 12:11:35.495268 2019] [mpm_winnt:notice] [pid 7636:tid 572] AH00455: Apache/2.4.35 (Win64) OpenSSL/1.1.0i PHP/7.2.11 configured -- resuming normal operations
[Wed May 08 12:11:35.495268 2019] [mpm_winnt:notice] [pid 7636:tid 572] AH00456: Apache Lounge VC15 Server built: Sep 19 2018 16:08:47
[Wed May 08 12:11:35.495268 2019] [core:notice] [pid 7636:tid 572] AH00094: Command line: 'C:\\laragon\\bin\\apache\\httpd-2.4.35-win64-VC15\\bin\\httpd -d C:/laragon/bin/apache/httpd-2.4.35-win64-VC15'
[Wed May 08 12:11:35.661041 2019] [mpm_winnt:notice] [pid 7636:tid 572] AH00418: Parent: Created child process 9968
[Wed May 08 12:11:36.264463 2019] [mpm_winnt:notice] [pid 9968:tid 688] AH00354: Child: Starting 64 worker threads.
[Wed May 29 18:33:05.361872 2019] [core:warn] [pid 5784:tid 544] AH00098: pid file C:/laragon/bin/apache/httpd-2.4.35-win64-VC15/logs/httpd.pid overwritten -- Unclean shutdown of previous Apache run?
[Wed May 29 18:33:10.708130 2019] [mpm_winnt:notice] [pid 5784:tid 544] AH00455: Apache/2.4.35 (Win64) OpenSSL/1.1.0i PHP/7.2.11 configured -- resuming normal operations
[Wed May 29 18:33:10.708130 2019] [mpm_winnt:notice] [pid 5784:tid 544] AH00456: Apache Lounge VC15 Server built: Sep 19 2018 16:08:47
[Wed May 29 18:33:10.708130 2019] [core:notice] [pid 5784:tid 544] AH00094: Command line: 'C:\\laragon\\bin\\apache\\httpd-2.4.35-win64-VC15\\bin\\httpd -d C:/laragon/bin/apache/httpd-2.4.35-win64-VC15'
[Wed May 29 18:33:10.717091 2019] [mpm_winnt:notice] [pid 5784:tid 544] AH00418: Parent: Created child process 10960
[Wed May 29 18:33:11.376041 2019] [mpm_winnt:notice] [pid 10960:tid 160] AH00354: Child: Starting 64 worker threads.
